[19Sep2025 00:00:08.750] [Server thread/INFO] [net.minecraft.server.MinecraftServer/]: [Sahankiel071727: Set own game mode to Creative Mode]
[19Sep2025 00:00:10.379] [Server thread/INFO] [net.minecraft.server.MinecraftServer/]: Frank3033 was eaten alive by Ogre
[19Sep2025 00:00:10.380] [Server thread/INFO] [gravestone/]: The death ID of player Frank3033 is 9af6a169-8ff5-4a8e-845a-68c7e1bc6a46
[19Sep2025 00:00:11.937] [Server thread/INFO] [com.alrex.parcool.ParCool/]: Sent Server Limitation of [Frank3033]
[19Sep2025 00:00:11.937] [Server thread/INFO] [com.alrex.parcool.ParCool/]: Received Client Information of [Frank3033]
[19Sep2025 00:00:13.909] [Server thread/INFO] [net.minecraft.server.MinecraftServer/]: [Frank3033: Set own game mode to Creative Mode]
[19Sep2025 00:00:14.374] [Server thread/INFO] [net.minecraft.world.entity.npc.Villager/]: Villager Villager['Librarian'/316998, l='ServerLevel[world]', x=86.53, y=106.00, z=1002.50] died, message: 'Librarian was eaten alive by Ogre'
[19Sep2025 00:00:15.483] [Server thread/INFO] [net.minecraft.server.MinecraftServer/]: Sahankiel071727 has made the advancement [Ogres Are Like Onions]
[19Sep2025 00:00:15.828] [Server thread/INFO] [net.minecraft.world.entity.npc.Villager/]: Villager Villager['Librarian'/289907, l='ServerLevel[world]', x=86.70, y=106.00, z=1000.50] died, message: 'Librarian was slain by Ogre'
[19Sep2025 00:00:18.673] [Server thread/INFO] [net.minecraft.world.entity.npc.Villager/]: Villager Villager['Librarian'/161085, l='ServerLevel[world]', x=86.70, y=106.00, z=998.50] died, message: 'Librarian was eaten alive by Ogre'
[19Sep2025 00:00:19.681] [Server thread/INFO] [net.minecraft.world.entity.npc.Villager/]: Villager Villager['Librarian'/168517, l='ServerLevel[world]', x=86.70, y=106.00, z=996.50] died, message: 'Librarian was fungi-fied by Ogre'
[19Sep2025 00:00:21.973] [Server thread/INFO] [net.minecraft.world.entity.npc.Villager/]: Villager Villager['Librarian'/308783, l='ServerLevel[world]', x=86.70, y=106.00, z=994.50] died, message: 'Librarian forgot Ogre was a bioweapon'
[19Sep2025 00:00:29.131] [Server thread/INFO] [net.minecraft.world.entity.LivingEntity/]: Named entity InfectedPlayer['Frank3033'/372385, l='ServerLevel[world]', x=91.66, y=106.00, z=1005.07] died: Frank3033 was slain by Sahankiel071727
[19Sep2025 00:00:38.280] [Server thread/INFO] [net.minecraft.world.entity.LivingEntity/]: Named entity InfectedPlayer['Frank3033'/372481, l='ServerLevel[world]', x=85.70, y=106.00, z=1003.30] died: Frank3033 was slain by Sahankiel071727
[19Sep2025 00:00:42.892] [Server thread/INFO] [net.minecraft.world.entity.LivingEntity/]: Named entity InfectedPlayer['Frank3033'/372821, l='ServerLevel[world]', x=88.35, y=106.00, z=1001.35] died: Frank3033 was slain by Sahankiel071727
[19Sep2025 00:01:23.600] [Server thread/INFO] [net.minecraft.server.MinecraftServer/]: [Frank3033: Summoned new Iron Golem]
[19Sep2025 00:01:24.839] [Server thread/INFO] [net.minecraft.server.MinecraftServer/]: [Frank3033: Summoned new Iron Golem]
[19Sep2025 00:01:27.034] [Server thread/INFO] [net.minecraft.server.MinecraftServer/]: [Frank3033: Summoned new Iron Golem]
[19Sep2025 00:01:28.579] [Server thread/INFO] [net.minecraft.server.MinecraftServer/]: [Frank3033: Summoned new Iron Golem]
[19Sep2025 00:01:30.591] [Server thread/INFO] [net.minecraft.server.MinecraftServer/]: [Sahankiel071727: Set own game mode to Survival Mode]
[19Sep2025 00:01:49.652] [Server thread/INFO] [net.minecraft.server.MinecraftServer/]: [Sahankiel071727: Set own game mode to Creative Mode]
[19Sep2025 00:02:18.184] [Server thread/INFO] [net.minecraft.server.MinecraftServer/]: [Frank3033: Summoned new Unemployed]
[19Sep2025 00:03:21.551] [Server thread/INFO] [net.minecraft.server.MinecraftServer/]: [Sahankiel071727: Summoned new Unemployed]
[19Sep2025 00:03:41.209] [Server thread/INFO] [net.minecraft.server.MinecraftServer/]: [Sahankiel071727: Summoned new Unemployed]
[19Sep2025 00:03:47.458] [Server thread/INFO] [net.minecraft.world.entity.npc.Villager/]: Villager Villager['Unemployed'/373883, l='ServerLevel[world]', x=86.30, y=106.00, z=1002.36] died, message: 'Unemployed was slain by Frank3033'
[19Sep2025 00:03:49.723] [Server thread/INFO] [net.minecraft.server.MinecraftServer/]: [Frank3033: Summoned new Unemployed]
[19Sep2025 00:04:09.358] [Server thread/INFO] [net.minecraft.world.entity.npc.Villager/]: Villager Villager['Unemployed'/374671, l='ServerLevel[world]', x=86.40, y=106.00, z=1002.70] died, message: 'Unemployed was slain by Frank3033'
[19Sep2025 00:04:16.349] [Server thread/INFO] [net.minecraft.server.MinecraftServer/]: [Frank3033: Set the time to 1000]
[19Sep2025 00:04:21.990] [Server thread/INFO] [net.minecraft.server.MinecraftServer/]: [Frank3033: Set the time to 1000]
[19Sep2025 00:04:22.139] [Server thread/INFO] [net.minecraft.server.MinecraftServer/]: [Sahankiel071727: Summoned new Unemployed]
[19Sep2025 00:04:28.586] [Server thread/INFO] [net.minecraft.server.MinecraftServer/]: [Frank3033: Summoned new Unemployed]
[19Sep2025 00:04:54.580] [Server thread/INFO] [net.minecraft.server.MinecraftServer/]: [Sahankiel071727: Summoned new Unemployed]
[19Sep2025 00:06:47.474] [Server thread/INFO] [net.minecraft.world.entity.npc.Villager/]: Villager Villager['Fisherman'/374952, l='ServerLevel[world]', x=108.54, y=107.00, z=999.57] died, message: 'Fisherman has succumbed to the infection'
[19Sep2025 00:06:53.832] [Server thread/INFO] [net.minecraft.server.network.ServerGamePacketListenerImpl/]: Frank3033 lost connection: Disconnected
[19Sep2025 00:06:53.832] [Server thread/INFO] [net.minecraft.server.MinecraftServer/]: Frank3033 left the game
[19Sep2025 00:06:53.833] [Server thread/INFO] [com.alrex.parcool.ParCool/]: Limitation of cb7d0a21-a420-3229-b4ec-d66932681a27 was unloaded
[19Sep2025 00:07:05.078] [Server thread/INFO] [net.minecraft.world.entity.npc.Villager/]: Villager Villager['Unemployed'/262967, l='ServerLevel[world]', x=104.53, y=106.00, z=979.95] died, message: 'Unemployed was eaten alive by Infected Husk'
[19Sep2025 00:07:14.502] [Server thread/INFO] [net.minecraft.world.entity.npc.Villager/]: Villager Villager['Unemployed'/277607, l='ServerLevel[world]', x=104.50, y=106.00, z=979.10] died, message: 'Unemployed forgot Infected Villager was a bioweapon'
[19Sep2025 00:07:50.115] [Server thread/INFO] [net.minecraft.world.entity.npc.Villager/]: Villager Villager['Unemployed'/173354, l='ServerLevel[world]', x=104.07, y=106.56, z=980.03] died, message: 'Unemployed has succumbed to the infection'
[19Sep2025 00:07:52.226] [Server thread/INFO] [net.minecraft.world.entity.npc.Villager/]: Villager Villager['Unemployed'/287331, l='ServerLevel[world]', x=102.06, y=106.56, z=982.19] died, message: 'Unemployed was slain by Infected Villager'
[19Sep2025 00:07:56.075] [Server thread/INFO] [net.minecraft.world.entity.npc.Villager/]: Villager Villager['Unemployed'/192527, l='ServerLevel[world]', x=103.98, y=106.56, z=978.99] died, message: 'Unemployed forgot Infected Villager was a bioweapon'
[19Sep2025 00:08:02.426] [Server thread/INFO] [net.minecraft.world.entity.npc.Villager/]: Villager Villager['Unemployed'/284403, l='ServerLevel[world]', x=101.12, y=106.56, z=992.67] died, message: 'Unemployed was eaten alive by Infected Villager'
[19Sep2025 00:08:07.483] [Server thread/INFO] [net.minecraft.server.MinecraftServer/]: iDaless was eaten alive by Infected Villager
[19Sep2025 00:08:07.483] [Server thread/INFO] [gravestone/]: The death ID of player iDaless is 44123142-bd82-43b0-b565-5b72a790c489
[19Sep2025 00:08:11.523] [Server thread/INFO] [net.minecraft.world.entity.npc.Villager/]: Villager Villager['Unemployed'/271257, l='ServerLevel[world]', x=104.77, y=106.75, z=978.99] died, message: 'Unemployed was eaten alive by Infected Villager'
[19Sep2025 00:09:15.708] [Server thread/INFO] [net.minecraft.server.MinecraftServer/]: [Sahankiel071727: Removed every effect from 632 targets]
[19Sep2025 00:11:08.773] [Server thread/INFO] [net.minecraft.world.entity.npc.Villager/]: Villager Villager['Librarian'/229223, l='ServerLevel[world]', x=86.59, y=106.00, z=986.50] died, message: 'Librarian was eaten alive by Infected Drowned'
[19Sep2025 00:12:39.145] [Server thread/INFO] [net.minecraft.server.MinecraftServer/]: [Sahankiel071727: Removed every effect from 644 targets]
[19Sep2025 00:15:03.555] [Server thread/INFO] [net.minecraft.server.MinecraftServer/]: [Sahankiel071727: Summoned new Unemployed]
[19Sep2025 00:15:06.223] [Server thread/INFO] [net.minecraft.server.MinecraftServer/]: [Sahankiel071727: Summoned new Unemployed]
[19Sep2025 00:15:09.426] [Server thread/INFO] [net.minecraft.server.MinecraftServer/]: [Sahankiel071727: Summoned new Unemployed]
[19Sep2025 00:15:13.380] [Server thread/INFO] [net.minecraft.server.MinecraftServer/]: [Sahankiel071727: Summoned new Unemployed]
[19Sep2025 00:15:15.100] [Server thread/INFO] [net.minecraft.server.MinecraftServer/]: [Sahankiel071727: Summoned new Unemployed]
[19Sep2025 00:15:16.491] [Server thread/INFO] [net.minecraft.server.MinecraftServer/]: [Sahankiel071727: Summoned new Unemployed]
[19Sep2025 00:15:17.776] [Server thread/INFO] [net.minecraft.server.MinecraftServer/]: [Sahankiel071727: Summoned new Unemployed]
[19Sep2025 00:15:19.204] [Server thread/INFO] [net.minecraft.server.MinecraftServer/]: [Sahankiel071727: Summoned new Unemployed]
[19Sep2025 00:15:21.535] [Server thread/INFO] [net.minecraft.server.MinecraftServer/]: [Sahankiel071727: Summoned new Unemployed]
[19Sep2025 00:15:50.368] [Server thread/INFO] [net.minecraft.server.MinecraftServer/]: [Sahankiel071727: Summoned new Iron Golem]
[19Sep2025 00:15:53.228] [Server thread/INFO] [net.minecraft.server.MinecraftServer/]: [Sahankiel071727: Summoned new Iron Golem]
[19Sep2025 00:15:54.883] [Server thread/INFO] [net.minecraft.server.MinecraftServer/]: [Sahankiel071727: Summoned new Iron Golem]
[19Sep2025 00:17:52.486] [Server thread/INFO] [net.minecraft.server.MinecraftServer/]: [Sahankiel071727: Summoned new Unemployed]
[19Sep2025 00:17:53.040] [Server thread/INFO] [net.minecraft.server.players.PlayerList/]: Frank3033[/127.63.248.189:53263] logged in with entity id 382589 at (90.44921468914241, 106.0, 1000.0169656207818)
[19Sep2025 00:17:53.047] [Server thread/INFO] [net.minecraft.server.MinecraftServer/]: Frank3033 joined the game
[19Sep2025 00:17:53.098] [Server thread/INFO] [Jade/]: Syncing config to Frank3033 (cb7d0a21-a420-3229-b4ec-d66932681a27)
[19Sep2025 00:17:54.504] [Server thread/INFO] [com.alrex.parcool.ParCool/]: Limitation of cb7d0a21-a420-3229-b4ec-d66932681a27 was loaded
[19Sep2025 00:17:54.504] [Server thread/INFO] [com.alrex.parcool.ParCool/]: Sent Server Limitation of [Frank3033]
[19Sep2025 00:17:54.505] [Server thread/INFO] [com.alrex.parcool.ParCool/]: Received Client Information of [Frank3033]
[19Sep2025 00:18:53.810] [Server thread/INFO] [net.minecraft.world.entity.npc.Villager/]: Villager Villager['Unemployed'/382584, l='ServerLevel[world]', x=86.70, y=106.00, z=1000.50] died, message: 'Unemployed was slain by Frank3033'
[19Sep2025 00:18:57.485] [Server thread/INFO] [net.minecraft.server.MinecraftServer/]: [Frank3033: Set the time to 1000]
[19Sep2025 00:19:12.981] [Server thread/INFO] [net.minecraft.server.MinecraftServer/]: [Frank3033: Summoned new Unemployed]
[19Sep2025 00:21:49.909] [Server thread/INFO] [net.minecraft.world.entity.npc.Villager/]: Villager Villager['Unemployed'/375210, l='ServerLevel[world]', x=108.49, y=106.00, z=993.47] died, message: 'Unemployed was slain by Frank3033'
[19Sep2025 00:21:58.435] [Server thread/INFO] [net.minecraft.server.MinecraftServer/]: [Sahankiel071727: Summoned new Unemployed]
[19Sep2025 00:21:58.480] [Server thread/INFO] [net.minecraft.server.MinecraftServer/]: [Frank3033: Summoned new Unemployed]
[19Sep2025 00:26:58.829] [Server thread/INFO] [net.minecraft.world.entity.npc.Villager/]: Villager Villager['Unemployed'/384229, l='ServerLevel[world]', x=86.70, y=106.00, z=994.50] died, message: 'Unemployed was slain by Frank3033'
[19Sep2025 00:27:00.511] [Server thread/INFO] [net.minecraft.server.MinecraftServer/]: [Frank3033: Summoned new Unemployed]
[19Sep2025 00:27:38.076] [Server thread/INFO] [net.minecraft.server.MinecraftServer/]: [Frank3033: Summoned new Unemployed]
[19Sep2025 00:29:36.630] [Server thread/INFO] [net.minecraft.server.MinecraftServer/]: [Sahankiel071727: Summoned new Unemployed]
[19Sep2025 00:32:58.058] [Server thread/INFO] [net.minecraft.server.MinecraftServer/]: [Sahankiel071727: Summoned new Unemployed]
[19Sep2025 00:35:17.798] [Server thread/INFO] [net.minecraft.world.entity.npc.Villager/]: Villager Villager['Librarian'/387265, l='ServerLevel[world]', x=86.70, y=106.00, z=998.50] died, message: 'Librarian was slain by Frank3033'
[19Sep2025 00:35:21.924] [Server thread/INFO] [net.minecraft.server.MinecraftServer/]: [Frank3033: Summoned new Unemployed]
[19Sep2025 00:36:07.169] [Server thread/INFO] [net.minecraft.world.entity.npc.Villager/]: Villager Villager['Unemployed'/389564, l='ServerLevel[world]', x=86.70, y=106.00, z=998.53] died, message: 'Unemployed was slain by Frank3033'
[19Sep2025 00:36:08.154] [Server thread/INFO] [net.minecraft.server.MinecraftServer/]: [Frank3033: Summoned new Unemployed]
[19Sep2025 00:38:04.461] [Server thread/INFO] [net.minecraft.server.MinecraftServer/]: [Not Secure] <Frank3033> filo 5 :vvvv
[19Sep2025 00:38:32.008] [Server thread/INFO] [net.minecraft.server.MinecraftServer/]: [Frank3033: Summoned new Iron Golem]
[19Sep2025 00:38:32.953] [Server thread/INFO] [net.minecraft.server.MinecraftServer/]: [Frank3033: Summoned new Iron Golem]
[19Sep2025 00:38:33.806] [Server thread/INFO] [net.minecraft.server.MinecraftServer/]: [Frank3033: Summoned new Iron Golem]
[19Sep2025 00:38:45.907] [Server thread/INFO] [net.minecraft.server.MinecraftServer/]: Sahankiel071727 has made the advancement [Go Back to Canada]
[19Sep2025 00:39:09.825] [Server thread/INFO] [net.minecraft.server.MinecraftServer/]: [Sahankiel071727: Summoned new Iron Golem]
[19Sep2025 00:41:48.446] [Server thread/INFO] [net.minecraft.server.MinecraftServer/]: [Sahankiel071727: Removed every effect from 594 targets]
[19Sep2025 00:43:54.930] [Server thread/INFO] [net.minecraft.server.MinecraftServer/]: [Sahankiel071727: Summoned new Unemployed]
[19Sep2025 00:44:35.658] [Server thread/INFO] [net.minecraft.server.MinecraftServer/]: [Sahankiel071727: Set own game mode to Survival Mode]
[19Sep2025 00:45:53.077] [Server thread/INFO] [net.minecraft.server.MinecraftServer/]: [Frank3033: Summoned new Iron Golem]
[19Sep2025 00:46:02.279] [Server thread/INFO] [net.minecraft.server.MinecraftServer/]: [Frank3033: Summoned new Unemployed]
[19Sep2025 00:47:46.190] [Server thread/INFO] [net.minecraft.server.MinecraftServer/]: [Frank3033: Applied effect Hero of the Village to Frank3033]
[19Sep2025 00:48:02.945] [Server thread/INFO] [net.minecraft.world.entity.npc.Villager/]: Villager Villager['Unemployed'/394187, l='ServerLevel[world]', x=66.31, y=71.00, z=960.30] died, message: 'Unemployed was fungi-fied by Infected Pillager'
[19Sep2025 00:48:40.761] [Server thread/INFO] [net.minecraft.server.MinecraftServer/]: [Not Secure] <Frank3033> filo 5 :vvvvvvv
[19Sep2025 00:48:45.577] [Server thread/INFO] [net.minecraft.world.entity.npc.Villager/]: Villager Villager['Librarian'/395330, l='ServerLevel[world]', x=63.90, y=59.00, z=997.02] died, message: 'Librarian was eaten alive by Infected Villager'
[19Sep2025 00:50:44.874] [Server thread/INFO] [net.minecraft.world.entity.npc.Villager/]: Villager Villager['Unemployed'/398204, l='ServerLevel[world]', x=73.52, y=77.00, z=943.32] died, message: 'Unemployed was slain by Usurper'
[19Sep2025 00:51:11.157] [Server thread/INFO] [net.minecraft.server.MinecraftServer/]: [Frank3033: Summoned new Unemployed]
[19Sep2025 00:52:54.191] [Server thread/INFO] [net.minecraft.server.MinecraftServer/]: [Frank3033: Summoned new Unemployed]
[19Sep2025 00:52:55.882] [Server thread/INFO] [net.minecraft.server.MinecraftServer/]: [Frank3033: Summoned new Unemployed]
[19Sep2025 00:53:00.149] [Server thread/INFO] [net.minecraft.world.entity.npc.Villager/]: Villager Villager['Unemployed'/400076, l='ServerLevel[world]', x=88.59, y=106.00, z=998.54] died, message: 'Unemployed was slain by Frank3033'
[19Sep2025 00:53:08.664] [Server thread/INFO] [net.minecraft.world.entity.npc.Villager/]: Villager Villager['Librarian'/400065, l='ServerLevel[world]', x=86.30, y=106.00, z=998.43] died, message: 'Librarian was slain by Frank3033'
[19Sep2025 00:53:10.040] [Server thread/INFO] [net.minecraft.server.MinecraftServer/]: [Frank3033: Summoned new Unemployed]
[19Sep2025 00:53:12.993] [Server thread/INFO] [net.minecraft.world.entity.npc.Villager/]: Villager Villager['Unemployed'/400153, l='ServerLevel[world]', x=88.50, y=106.00, z=1003.47] died, message: 'Unemployed was slain by Frank3033'
[19Sep2025 00:53:16.485] [Server thread/INFO] [net.minecraft.server.MinecraftServer/]: [Frank3033: Summoned new Unemployed]
[19Sep2025 00:55:27.732] [Server thread/INFO] [net.minecraft.server.MinecraftServer/]: [Frank3033: Set own game mode to Survival Mode]
[19Sep2025 00:57:19.331] [Server thread/INFO] [net.minecraft.world.entity.npc.Villager/]: Villager Villager['Unemployed'/400013, l='ServerLevel[world]', x=70.51, y=68.75, z=982.30] died, message: 'Unemployed has succumbed to the infection'
[19Sep2025 01:02:32.391] [Server thread/INFO] [net.minecraft.server.MinecraftServer/]: [Frank3033: Removed every effect from 3 targets]
[19Sep2025 01:04:51.724] [Server thread/INFO] [net.minecraft.server.MinecraftServer/]: [Frank3033: Removed every effect from 3 targets]
[19Sep2025 01:09:19.682] [Server thread/INFO] [net.minecraft.server.MinecraftServer/]: [Sahankiel071727: Removed every effect from 673 targets]
[19Sep2025 01:20:55.793] [Server thread/INFO] [net.minecraft.server.MinecraftServer/]: [Frank3033: Set own game mode to Creative Mode]
